2026-03-05 19:52:17 - POST: Array
(
    [action_type] => request_withdrawal
    [account_id] => 37
    [amount] => 233
    [reason] => aa
)
 account_id=37, amount=233, reason=aa
2026-03-05 20:01:27 - POST: Array
(
    [action_type] => request_withdrawal
    [account_id] => 37
    [amount] => 233
    [reason] => sss
)
 account_id=37, amount=233, reason=sss
2026-03-05 20:01:39 - POST: Array
(
    [action_type] => request_withdrawal
    [account_id] => 37
    [amount] => 222
    [reason] => a
)
 account_id=37, amount=222, reason=a
